[debug] [2024-12-29T18:58:21.235Z] ----------------------------------------------------------------------
[debug] [2024-12-29T18:58:21.237Z] Command:       C:\Program Files\nodejs\node.exe C:\Users\Phillip\AppData\Roaming\npm\node_modules\firebase-tools\lib\bin\firebase.js init
[debug] [2024-12-29T18:58:21.238Z] CLI Version:   13.29.1
[debug] [2024-12-29T18:58:21.238Z] Platform:      win32
[debug] [2024-12-29T18:58:21.238Z] Node Version:  v20.15.0
[debug] [2024-12-29T18:58:21.238Z] Time:          Sun Dec 29 2024 19:58:21 GMT+0100 (Mitteleuropäische Normalzeit)
[debug] [2024-12-29T18:58:21.238Z] ----------------------------------------------------------------------
[debug] 
[debug] [2024-12-29T18:58:21.243Z] > command requires scopes: ["email","openid","https://www.googleapis.com/auth/cloudplatformprojects.readonly","https://www.googleapis.com/auth/firebase","https://www.googleapis.com/auth/cloud-platform"]
[debug] [2024-12-29T18:58:21.243Z] > authorizing via signed-in user (minecrafter14510@gmail.com)
[info] 
     ######## #### ########  ######## ########     ###     ######  ########
     ##        ##  ##     ## ##       ##     ##  ##   ##  ##       ##
     ######    ##  ########  ######   ########  #########  ######  ######
     ##        ##  ##    ##  ##       ##     ## ##     ##       ## ##
     ##       #### ##     ## ######## ########  ##     ##  ######  ########

You're about to initialize a Firebase project in this directory:

  C:\Users\Phillip\Documents\FP Studio\Login

[info] 
=== Project Setup
[info] 
[info] First, let's associate this project directory with a Firebase project.
[info] You can create multiple project aliases by running firebase use --add, 
[info] but for now we'll just set up a default project.
[info] 
[info] i  If you want to create a project in a Google Cloud organization or folder, please use "firebase projects:create" instead, and return to this command when you've created the project. 
[debug] [2024-12-29T18:59:21.115Z] Checked if tokens are valid: true, expires at: 1735502160321
[debug] [2024-12-29T18:59:21.115Z] Checked if tokens are valid: true, expires at: 1735502160321
[debug] [2024-12-29T18:59:21.116Z] >>> [apiv2][query] POST https://cloudresourcemanager.googleapis.com/v1/projects [none]
[debug] [2024-12-29T18:59:21.116Z] >>> [apiv2][body] POST https://cloudresourcemanager.googleapis.com/v1/projects {"projectId":"Anime-App-FP","name":"Anime-App-FP"}
[debug] [2024-12-29T18:59:21.961Z] <<< [apiv2][status] POST https://cloudresourcemanager.googleapis.com/v1/projects 400
[debug] [2024-12-29T18:59:21.961Z] <<< [apiv2][body] POST https://cloudresourcemanager.googleapis.com/v1/projects {"error":{"code":400,"message":"field [project_id] has issue [project_id contains invalid characters]","status":"INVALID_ARGUMENT","details":[{"@type":"type.googleapis.com/google.rpc.BadRequest","fieldViolations":[{"field":"project_id","description":"project_id contains invalid characters"}]},{"@type":"type.googleapis.com/google.rpc.Help","links":[{"url":"https://cloud.google.com/resource-manager/reference/rest/v1/projects"}]}]}}
[debug] [2024-12-29T18:59:22.081Z] FirebaseError: Request to https://cloudresourcemanager.googleapis.com/v1/projects had HTTP Error: 400, field [project_id] has issue [project_id contains invalid characters]
    at responseToError (C:\Users\Phillip\AppData\Roaming\npm\node_modules\firebase-tools\lib\responseToError.js:52:12)
    at RetryOperation._fn (C:\Users\Phillip\AppData\Roaming\npm\node_modules\firebase-tools\lib\apiv2.js:312:77)
    at process.processTicksAndRejections (node:internal/process/task_queues:95:5)
[error] 
[error] Error: Failed to create project. See firebase-debug.log for more info.
